2023-11-18T03:01:52.982445Z 0 [Warning] TIMESTAMP with implicit DEFAULT value is deprecated. Please use --explicit_defaults_for_timestamp server option (see documentation for more details).
2023-11-18T03:01:52.996242Z 0 [Warning] Setting lower_case_table_names=2 because file system for /var/lib/mysql/ is case insensitive
2023-11-18T03:01:53.020496Z 0 [ERROR] InnoDB: Linux Native AIO interface is not supported on this platform. Please check your OS documentation and install appropriate binary of InnoDB.
2023-11-18T03:01:53.022107Z 0 [Warning] InnoDB: Linux Native AIO disabled.
2023-11-18T03:01:53.190451Z 0 [Warning] InnoDB: New log files created, LSN=45790
2023-11-18T03:01:53.265451Z 0 [Warning] InnoDB: Creating foreign key constraint system tables.
2023-11-18T03:01:53.359940Z 0 [Warning] No existing UUID has been found, so we assume that this is the first time that this server has been started. Generating a new UUID: d37e0553-85be-11ee-8dea-0242ac10000a.
2023-11-18T03:01:53.364295Z 0 [Warning] Gtid table is not ready to be used. Table 'mysql.gtid_executed' cannot be opened.
2023-11-18T03:01:53.803354Z 0 [Warning] A deprecated TLS version TLSv1 is enabled. Please use TLSv1.2 or higher.
2023-11-18T03:01:53.803500Z 0 [Warning] A deprecated TLS version TLSv1.1 is enabled. Please use TLSv1.2 or higher.
2023-11-18T03:01:53.811399Z 0 [Warning] CA certificate ca.pem is self signed.
2023-11-18T03:01:54.085204Z 1 [Warning] root@localhost is created with an empty password ! Please consider switching off the --initialize-insecure option.
2023-11-18T03:01:57.011562Z 0 [Warning] TIMESTAMP with implicit DEFAULT value is deprecated. Please use --explicit_defaults_for_timestamp server option (see documentation for more details).
2023-11-18T03:01:57.017320Z 0 [Note] mysqld (mysqld 5.7.44) starting as process 259 ...
2023-11-18T03:01:57.027408Z 0 [Warning] Setting lower_case_table_names=2 because file system for /var/lib/mysql/ is case insensitive
2023-11-18T03:01:57.047021Z 0 [Note] InnoDB: PUNCH HOLE support available
2023-11-18T03:01:57.048970Z 0 [Note] InnoDB: Mutexes and rw_locks use GCC atomic builtins
2023-11-18T03:01:57.049170Z 0 [Note] InnoDB: Uses event mutexes
2023-11-18T03:01:57.049396Z 0 [Note] InnoDB: GCC builtin __atomic_thread_fence() is used for memory barrier
2023-11-18T03:01:57.049607Z 0 [Note] InnoDB: Compressed tables use zlib 1.2.13
2023-11-18T03:01:57.049758Z 0 [Note] InnoDB: Using Linux native AIO
2023-11-18T03:01:57.054403Z 0 [Note] InnoDB: Number of pools: 1
2023-11-18T03:01:57.055859Z 0 [Note] InnoDB: Using CPU crc32 instructions
2023-11-18T03:01:57.057341Z 0 [ERROR] InnoDB: Linux Native AIO interface is not supported on this platform. Please check your OS documentation and install appropriate binary of InnoDB.
2023-11-18T03:01:57.057554Z 0 [Note] InnoDB: You can disable Linux Native AIO by setting innodb_use_native_aio = 0 in my.cnf
2023-11-18T03:01:57.057764Z 0 [Warning] InnoDB: Linux Native AIO disabled.
2023-11-18T03:01:57.060455Z 0 [Note] InnoDB: Initializing buffer pool, total size = 128M, instances = 1, chunk size = 128M
2023-11-18T03:01:57.093581Z 0 [Note] InnoDB: Completed initialization of buffer pool
2023-11-18T03:01:57.108531Z 0 [Note] InnoDB: If the mysqld execution user is authorized, page cleaner thread priority can be changed. See the man page of setpriority().
2023-11-18T03:01:57.128589Z 0 [Note] InnoDB: Highest supported file format is Barracuda.
2023-11-18T03:01:57.194809Z 0 [Note] InnoDB: Creating shared tablespace for temporary tables
2023-11-18T03:01:57.197275Z 0 [Note] InnoDB: Setting file './ibtmp1' size to 12 MB. Physically writing the file full; Please wait ...
2023-11-18T03:01:57.209577Z 0 [Note] InnoDB: File './ibtmp1' size is now 12 MB.
2023-11-18T03:01:57.215344Z 0 [Note] InnoDB: 96 redo rollback segment(s) found. 96 redo rollback segment(s) are active.
2023-11-18T03:01:57.215542Z 0 [Note] InnoDB: 32 non-redo rollback segment(s) are active.
2023-11-18T03:01:57.221604Z 0 [Note] InnoDB: Waiting for purge to start
2023-11-18T03:01:57.273521Z 0 [Note] InnoDB: 5.7.44 started; log sequence number 2768291
2023-11-18T03:01:57.275884Z 0 [Note] InnoDB: Loading buffer pool(s) from /var/lib/mysql/ib_buffer_pool
2023-11-18T03:01:57.279441Z 0 [Note] Plugin 'FEDERATED' is disabled.
2023-11-18T03:01:57.303470Z 0 [Note] InnoDB: Buffer pool(s) load completed at 231118  3:01:57
2023-11-18T03:01:57.323119Z 0 [Note] Found ca.pem, server-cert.pem and server-key.pem in data directory. Trying to enable SSL support using them.
2023-11-18T03:01:57.323305Z 0 [Note] Skipping generation of SSL certificates as certificate files are present in data directory.
2023-11-18T03:01:57.323501Z 0 [Warning] A deprecated TLS version TLSv1 is enabled. Please use TLSv1.2 or higher.
2023-11-18T03:01:57.323604Z 0 [Warning] A deprecated TLS version TLSv1.1 is enabled. Please use TLSv1.2 or higher.
2023-11-18T03:01:57.337763Z 0 [Warning] CA certificate ca.pem is self signed.
2023-11-18T03:01:57.338883Z 0 [Note] Skipping generation of RSA key pair as key files are present in data directory.
2023-11-18T03:01:57.342361Z 0 [Warning] Insecure configuration for --pid-file: Location '/var/run/mysqld' in the path is accessible to all OS users. Consider choosing a different directory.
2023-11-18T03:01:57.411072Z 0 [Note] Event Scheduler: Loaded 0 events
2023-11-18T03:01:57.412475Z 0 [Note] mysqld: ready for connections.
Version: '5.7.44'  socket: '/var/run/mysqld/mysqld.sock'  port: 0  MySQL Community Server (GPL)
2023-11-18T03:01:58.211292Z 3 [Note] InnoDB: Stopping purge
2023-11-18T03:01:58.228966Z 3 [Note] InnoDB: Resuming purge
2023-11-18T03:01:58.238800Z 3 [Note] InnoDB: Stopping purge
2023-11-18T03:01:58.251593Z 3 [Note] InnoDB: Resuming purge
2023-11-18T03:01:58.253439Z 3 [Note] InnoDB: Stopping purge
2023-11-18T03:01:58.255291Z 3 [Note] InnoDB: Resuming purge
2023-11-18T03:01:58.256929Z 3 [Note] InnoDB: Stopping purge
2023-11-18T03:01:58.258786Z 3 [Note] InnoDB: Resuming purge
2023-11-18T03:02:02.290073Z 0 [Note] Giving 0 client threads a chance to die gracefully
2023-11-18T03:02:02.290297Z 0 [Note] Shutting down slave threads
2023-11-18T03:02:02.290464Z 0 [Note] Forcefully disconnecting 0 remaining clients
2023-11-18T03:02:02.290742Z 0 [Note] Event Scheduler: Purging the queue. 0 events
2023-11-18T03:02:02.291232Z 0 [Note] Binlog end
2023-11-18T03:02:02.295179Z 0 [Note] Shutting down plugin 'ngram'
2023-11-18T03:02:02.295365Z 0 [Note] Shutting down plugin 'partition'
2023-11-18T03:02:02.295501Z 0 [Note] Shutting down plugin 'BLACKHOLE'
2023-11-18T03:02:02.295615Z 0 [Note] Shutting down plugin 'ARCHIVE'
2023-11-18T03:02:02.295723Z 0 [Note] Shutting down plugin 'PERFORMANCE_SCHEMA'
2023-11-18T03:02:02.296078Z 0 [Note] Shutting down plugin 'MRG_MYISAM'
2023-11-18T03:02:02.296195Z 0 [Note] Shutting down plugin 'MyISAM'
2023-11-18T03:02:02.296445Z 0 [Note] Shutting down plugin 'INNODB_SYS_VIRTUAL'
2023-11-18T03:02:02.296563Z 0 [Note] Shutting down plugin 'INNODB_SYS_DATAFILES'
2023-11-18T03:02:02.296646Z 0 [Note] Shutting down plugin 'INNODB_SYS_TABLESPACES'
2023-11-18T03:02:02.296741Z 0 [Note] Shutting down plugin 'INNODB_SYS_FOREIGN_COLS'
2023-11-18T03:02:02.296825Z 0 [Note] Shutting down plugin 'INNODB_SYS_FOREIGN'
2023-11-18T03:02:02.296910Z 0 [Note] Shutting down plugin 'INNODB_SYS_FIELDS'
2023-11-18T03:02:02.296996Z 0 [Note] Shutting down plugin 'INNODB_SYS_COLUMNS'
2023-11-18T03:02:02.297081Z 0 [Note] Shutting down plugin 'INNODB_SYS_INDEXES'
2023-11-18T03:02:02.297163Z 0 [Note] Shutting down plugin 'INNODB_SYS_TABLESTATS'
2023-11-18T03:02:02.297245Z 0 [Note] Shutting down plugin 'INNODB_SYS_TABLES'
2023-11-18T03:02:02.297329Z 0 [Note] Shutting down plugin 'INNODB_FT_INDEX_TABLE'
2023-11-18T03:02:02.297411Z 0 [Note] Shutting down plugin 'INNODB_FT_INDEX_CACHE'
2023-11-18T03:02:02.297515Z 0 [Note] Shutting down plugin 'INNODB_FT_CONFIG'
2023-11-18T03:02:02.297605Z 0 [Note] Shutting down plugin 'INNODB_FT_BEING_DELETED'
2023-11-18T03:02:02.297693Z 0 [Note] Shutting down plugin 'INNODB_FT_DELETED'
2023-11-18T03:02:02.297776Z 0 [Note] Shutting down plugin 'INNODB_FT_DEFAULT_STOPWORD'
2023-11-18T03:02:02.297858Z 0 [Note] Shutting down plugin 'INNODB_METRICS'
2023-11-18T03:02:02.297988Z 0 [Note] Shutting down plugin 'INNODB_TEMP_TABLE_INFO'
2023-11-18T03:02:02.298072Z 0 [Note] Shutting down plugin 'INNODB_BUFFER_POOL_STATS'
2023-11-18T03:02:02.298156Z 0 [Note] Shutting down plugin 'INNODB_BUFFER_PAGE_LRU'
2023-11-18T03:02:02.298239Z 0 [Note] Shutting down plugin 'INNODB_BUFFER_PAGE'
2023-11-18T03:02:02.298322Z 0 [Note] Shutting down plugin 'INNODB_CMP_PER_INDEX_RESET'
2023-11-18T03:02:02.298404Z 0 [Note] Shutting down plugin 'INNODB_CMP_PER_INDEX'
2023-11-18T03:02:02.298489Z 0 [Note] Shutting down plugin 'INNODB_CMPMEM_RESET'
2023-11-18T03:02:02.298572Z 0 [Note] Shutting down plugin 'INNODB_CMPMEM'
2023-11-18T03:02:02.298657Z 0 [Note] Shutting down plugin 'INNODB_CMP_RESET'
2023-11-18T03:02:02.298743Z 0 [Note] Shutting down plugin 'INNODB_CMP'
2023-11-18T03:02:02.298829Z 0 [Note] Shutting down plugin 'INNODB_LOCK_WAITS'
2023-11-18T03:02:02.298915Z 0 [Note] Shutting down plugin 'INNODB_LOCKS'
2023-11-18T03:02:02.298996Z 0 [Note] Shutting down plugin 'INNODB_TRX'
2023-11-18T03:02:02.299077Z 0 [Note] Shutting down plugin 'InnoDB'
2023-11-18T03:02:02.299717Z 0 [Note] InnoDB: FTS optimize thread exiting.
2023-11-18T03:02:02.300864Z 0 [Note] InnoDB: Starting shutdown...
2023-11-18T03:02:02.402246Z 0 [Note] InnoDB: Dumping buffer pool(s) to /var/lib/mysql/ib_buffer_pool
2023-11-18T03:02:02.403712Z 0 [Note] InnoDB: Buffer pool(s) dump completed at 231118  3:02:02
2023-11-18T03:02:03.654013Z 0 [Note] InnoDB: Shutdown completed; log sequence number 12219419
2023-11-18T03:02:03.654596Z 0 [Note] InnoDB: Removed temporary tablespace data file: "ibtmp1"
2023-11-18T03:02:03.654811Z 0 [Note] Shutting down plugin 'MEMORY'
2023-11-18T03:02:03.654965Z 0 [Note] Shutting down plugin 'CSV'
2023-11-18T03:02:03.655077Z 0 [Note] Shutting down plugin 'sha256_password'
2023-11-18T03:02:03.655167Z 0 [Note] Shutting down plugin 'mysql_native_password'
2023-11-18T03:02:03.655603Z 0 [Note] Shutting down plugin 'binlog'
2023-11-18T03:02:03.658729Z 0 [Note] mysqld: Shutdown complete

2023-11-18T03:02:04.526163Z 0 [Warning] TIMESTAMP with implicit DEFAULT value is deprecated. Please use --explicit_defaults_for_timestamp server option (see documentation for more details).
2023-11-18T03:02:04.531668Z 0 [Note] mysqld (mysqld 5.7.44) starting as process 1 ...
2023-11-18T03:02:04.542390Z 0 [Warning] Setting lower_case_table_names=2 because file system for /var/lib/mysql/ is case insensitive
2023-11-18T03:02:04.561266Z 0 [Note] InnoDB: PUNCH HOLE support available
2023-11-18T03:02:04.562764Z 0 [Note] InnoDB: Mutexes and rw_locks use GCC atomic builtins
2023-11-18T03:02:04.562917Z 0 [Note] InnoDB: Uses event mutexes
2023-11-18T03:02:04.563057Z 0 [Note] InnoDB: GCC builtin __atomic_thread_fence() is used for memory barrier
2023-11-18T03:02:04.563201Z 0 [Note] InnoDB: Compressed tables use zlib 1.2.13
2023-11-18T03:02:04.563342Z 0 [Note] InnoDB: Using Linux native AIO
2023-11-18T03:02:04.567901Z 0 [Note] InnoDB: Number of pools: 1
2023-11-18T03:02:04.569362Z 0 [Note] InnoDB: Using CPU crc32 instructions
2023-11-18T03:02:04.570904Z 0 [ERROR] InnoDB: Linux Native AIO interface is not supported on this platform. Please check your OS documentation and install appropriate binary of InnoDB.
2023-11-18T03:02:04.571130Z 0 [Note] InnoDB: You can disable Linux Native AIO by setting innodb_use_native_aio = 0 in my.cnf
2023-11-18T03:02:04.571347Z 0 [Warning] InnoDB: Linux Native AIO disabled.
2023-11-18T03:02:04.574063Z 0 [Note] InnoDB: Initializing buffer pool, total size = 128M, instances = 1, chunk size = 128M
2023-11-18T03:02:04.608090Z 0 [Note] InnoDB: Completed initialization of buffer pool
2023-11-18T03:02:04.622451Z 0 [Note] InnoDB: If the mysqld execution user is authorized, page cleaner thread priority can be changed. See the man page of setpriority().
2023-11-18T03:02:04.647472Z 0 [Note] InnoDB: Highest supported file format is Barracuda.
2023-11-18T03:02:04.712947Z 0 [Note] InnoDB: Creating shared tablespace for temporary tables
2023-11-18T03:02:04.715568Z 0 [Note] InnoDB: Setting file './ibtmp1' size to 12 MB. Physically writing the file full; Please wait ...
2023-11-18T03:02:04.724593Z 0 [Note] InnoDB: File './ibtmp1' size is now 12 MB.
2023-11-18T03:02:04.730474Z 0 [Note] InnoDB: 96 redo rollback segment(s) found. 96 redo rollback segment(s) are active.
2023-11-18T03:02:04.730664Z 0 [Note] InnoDB: 32 non-redo rollback segment(s) are active.
2023-11-18T03:02:04.739234Z 0 [Note] InnoDB: Waiting for purge to start
2023-11-18T03:02:04.797345Z 0 [Note] InnoDB: 5.7.44 started; log sequence number 12219419
2023-11-18T03:02:04.801829Z 0 [Note] InnoDB: Loading buffer pool(s) from /var/lib/mysql/ib_buffer_pool
2023-11-18T03:02:04.807971Z 0 [Note] Plugin 'FEDERATED' is disabled.
2023-11-18T03:02:04.862597Z 0 [Note] InnoDB: Buffer pool(s) load completed at 231118  3:02:04
2023-11-18T03:02:04.869219Z 0 [Note] Found ca.pem, server-cert.pem and server-key.pem in data directory. Trying to enable SSL support using them.
2023-11-18T03:02:04.869599Z 0 [Note] Skipping generation of SSL certificates as certificate files are present in data directory.
2023-11-18T03:02:04.870026Z 0 [Warning] A deprecated TLS version TLSv1 is enabled. Please use TLSv1.2 or higher.
2023-11-18T03:02:04.870272Z 0 [Warning] A deprecated TLS version TLSv1.1 is enabled. Please use TLSv1.2 or higher.
2023-11-18T03:02:04.889986Z 0 [Warning] CA certificate ca.pem is self signed.
2023-11-18T03:02:04.891514Z 0 [Note] Skipping generation of RSA key pair as key files are present in data directory.
2023-11-18T03:02:04.896578Z 0 [Note] Server hostname (bind-address): '*'; port: 3306
2023-11-18T03:02:04.897802Z 0 [Note] IPv6 is available.
2023-11-18T03:02:04.898416Z 0 [Note]   - '::' resolves to '::';
2023-11-18T03:02:04.899334Z 0 [Note] Server socket created on IP: '::'.
2023-11-18T03:02:04.902958Z 0 [Warning] Insecure configuration for --pid-file: Location '/var/run/mysqld' in the path is accessible to all OS users. Consider choosing a different directory.
2023-11-18T03:02:05.062842Z 0 [Note] Event Scheduler: Loaded 0 events
2023-11-18T03:02:05.067058Z 0 [Note] mysqld: ready for connections.
Version: '5.7.44'  socket: '/var/run/mysqld/mysqld.sock'  port: 3306  MySQL Community Server (GPL)
2023-11-18T03:03:01.348771Z 2 [Note] Access denied for user 'root'@'192.168.65.1' (using password: NO)
